16:53:58.626	HTTP is active. Port : 80
17:06:00.313	HTTP is active. Port : 80
17:30:30.094	HTTP is active. Port : 80
18:09:46.260	HTTP is active. Port : 80
18:17:26.168	HTTP is active. Port : 80
18:18:31.156	HTTP is active. Port : 81
18:19:04.614	HTTP is active. Port : 81
18:19:16.508	1370
18:19:16.508	new msg : GET / HTTP/1.1
18:19:16.524	1371
18:19:16.524	Error newMessage : Action not found
18:19:16.524	1370
18:19:16.524	new msg : Host: localhost
18:19:16.524	Error newMessage : Action not found
18:19:16.524	1370
18:19:16.524	new msg : Connection: keep-alive
18:19:16.524	Error newMessage : Action not found
18:19:16.524	1370
18:19:16.525	new msg : Upgrade-Insecure-Requests: 1
18:19:16.525	Error newMessage : Action not found
18:19:16.525	1370
18:19:16.525	new msg : User-Agent: Mozilla/5.0 (Windows NT 10.0; Win64; x64) AppleWebKit/537.36 (KHTML, like Gecko) Chrome/74.0.3729.131 Safari/537.36
18:19:16.525	Error newMessage : Action not found
18:19:16.525	1370
18:19:16.525	new msg : Accept: text/html,application/xhtml+xml,application/xml;q=0.9,image/webp,image/apng,*/*;q=0.8,application/signed-exchange;v=b3
18:19:16.525	Error newMessage : Action not found
18:19:16.525	1370
18:19:16.525	new msg : Accept-Encoding: gzip, deflate, br
18:19:16.525	Error newMessage : Action not found
18:19:16.525	1370
18:19:16.525	new msg : Accept-Language: en-US,en;q=0.9,ru;q=0.8
18:19:16.525	Error newMessage : Action not found
18:19:16.525	1370
18:19:16.525	new msg : Cookie: csrftoken=az4J1TjGkC3lMoDPBx4JUPilcwOGuU3rlDTwisRC4qSH5IbSenk1YMYs4XMroBuC
18:19:16.525	Error newMessage : Action not found
18:19:16.526	1370
18:19:16.526	new msg : 
18:19:16.526	Error newMessage : Action not found
18:19:16.527	1370
18:19:20.000	0:0:0:0:0:0:0:1
18:19:20.000	0:0:0:0:0:0:0:1
18:26:39.630	HTTP is active. Port : 81
18:26:42.228	32947
18:26:42.228	new msg : GET / HTTP/1.1
18:26:42.228	Error newMessage : Action not found
18:26:42.228	32947
18:26:42.228	new msg : Host: localhost
18:26:42.228	Error newMessage : Action not found
18:26:42.228	32947
18:26:42.228	new msg : Connection: keep-alive
18:26:42.228	Error newMessage : Action not found
18:26:42.228	32947
18:26:42.228	new msg : Cache-Control: max-age=0
18:26:42.228	Error newMessage : Action not found
18:26:42.229	32947
18:26:42.229	new msg : Upgrade-Insecure-Requests: 1
18:26:42.229	Error newMessage : Action not found
18:26:42.229	32947
18:26:42.229	new msg : User-Agent: Mozilla/5.0 (Windows NT 10.0; Win64; x64) AppleWebKit/537.36 (KHTML, like Gecko) Chrome/74.0.3729.131 Safari/537.36
18:26:42.229	Error newMessage : Action not found
18:26:42.229	32947
18:26:42.229	new msg : Accept: text/html,application/xhtml+xml,application/xml;q=0.9,image/webp,image/apng,*/*;q=0.8,application/signed-exchange;v=b3
18:26:42.229	Error newMessage : Action not found
18:26:42.229	32947
18:26:42.229	new msg : Accept-Encoding: gzip, deflate, br
18:26:42.229	Error newMessage : Action not found
18:26:42.229	32947
18:26:42.229	new msg : Accept-Language: en-US,en;q=0.9,ru;q=0.8
18:26:42.229	Error newMessage : Action not found
18:26:42.229	32947
18:26:42.230	new msg : Cookie: csrftoken=az4J1TjGkC3lMoDPBx4JUPilcwOGuU3rlDTwisRC4qSH5IbSenk1YMYs4XMroBuC
18:26:42.231	Error newMessage : Action not found
18:26:42.232	32947
18:26:42.233	new msg : 
18:26:42.233	Error newMessage : Action not found
18:26:42.233	32947
18:26:42.235	32948
18:27:24.610	HTTP is active. Port : 81
18:27:24.852	Error found more 1 next jobs
18:27:24.908	5773
18:27:24.908	new msg : GET / HTTP/1.1
18:27:24.909	Error newMessage : Action not found
18:27:24.909	5773
18:27:24.909	new msg : Host: localhost
18:27:24.909	Error newMessage : Action not found
18:27:24.909	5773
18:27:24.910	new msg : Connection: keep-alive
18:27:24.910	Error newMessage : Action not found
18:27:24.910	5773
18:27:24.910	new msg : Cache-Control: max-age=0
18:27:24.910	Error newMessage : Action not found
18:27:24.910	5773
18:27:24.910	new msg : Upgrade-Insecure-Requests: 1
18:27:24.910	Error newMessage : Action not found
18:27:24.910	5773
18:27:24.910	new msg : User-Agent: Mozilla/5.0 (Windows NT 10.0; Win64; x64) AppleWebKit/537.36 (KHTML, like Gecko) Chrome/74.0.3729.131 Safari/537.36
18:27:24.910	Error newMessage : Action not found
18:27:24.910	5773
18:27:24.910	new msg : Accept: text/html,application/xhtml+xml,application/xml;q=0.9,image/webp,image/apng,*/*;q=0.8,application/signed-exchange;v=b3
18:27:24.910	Error newMessage : Action not found
18:27:24.910	5773
18:27:24.910	new msg : Accept-Encoding: gzip, deflate, br
18:27:24.910	Error newMessage : Action not found
18:27:24.910	5773
18:27:24.910	new msg : Accept-Language: en-US,en;q=0.9,ru;q=0.8
18:27:24.910	Error newMessage : Action not found
18:27:24.910	5773
18:27:24.911	new msg : Cookie: csrftoken=az4J1TjGkC3lMoDPBx4JUPilcwOGuU3rlDTwisRC4qSH5IbSenk1YMYs4XMroBuC
18:27:24.911	Error newMessage : Action not found
18:27:24.911	5773
18:27:24.911	new msg : 
18:27:24.912	Error newMessage : Action not found
18:27:24.912	5773
18:27:24.959	5774
18:27:24.963	5775
18:27:34.760	0:0:0:0:0:0:0:1
18:27:34.760	127.0.0.1
18:27:34.761	127.0.0.1
18:27:39.810	0:0:0:0:0:0:0:1
18:27:39.810	127.0.0.1
18:27:39.811	127.0.0.1
18:46:19.393	HTTP is active. Port : 81
18:49:54.244	HTTP is active. Port : 81
18:50:32.224	HTTP is active. Port : 81
18:54:33.715	HTTP is active. Port : 81
18:54:34.154	Error found more 1 next jobs
18:55:29.043	HTTP is active. Port : 81
18:55:47.991	Try to connect HTTP server: localhost
18:55:48.006	Try to connect HTTP server: localhost
18:55:48.006	Error: login or password field is empty
18:55:48.098	Try to connect HTTP server: localhost
18:55:48.154	Try to connect HTTP server: localhost
18:55:48.154	Error: login or password field is empty
18:56:16.388	HTTP is active. Port : 81
18:57:06.194	HTTP is active. Port : 81
18:57:39.002	HTTP is active. Port : 81
18:58:55.757	HTTP is active. Port : 81
19:02:07.816	HTTP is active. Port : 81
19:02:08.256	Error found more 1 next jobs
19:02:33.775	HTTP is active. Port : 81
19:05:09.901	HTTP is active. Port : 81
19:05:56.111	HTTP is active. Port : 81
19:05:58.169	Try to connect HTTP server: localhost
19:05:58.195	Try to connect HTTP server: localhost
19:05:58.195	Error: login or password field is empty
19:05:58.262	Try to connect HTTP server: localhost
19:05:58.322	Try to connect HTTP server: localhost
19:05:58.322	Error: login or password field is empty
19:05:58.438	Try to connect HTTP server: localhost
19:05:58.438	Try to connect HTTP server: localhost
19:07:07.391	HTTP is active. Port : 81
19:07:07.890	Error found more 1 next jobs
19:07:12.958	Try to connect HTTP server: localhost
19:07:12.970	Try to connect HTTP server: localhost
19:07:12.971	Error: login or password field is empty
19:07:13.042	Try to connect HTTP server: localhost
19:07:13.105	Try to connect HTTP server: localhost
19:07:13.105	Error: login or password field is empty
19:07:23.412	Try to connect HTTP server: localhost
19:07:23.446	MySql verification successful
19:07:23.523	Try to connect HTTP server: localhost
19:07:23.672	Try to connect HTTP server: localhost
19:07:23.674	Try to connect HTTP server: localhost
19:07:38.373	Try to connect HTTP server: localhost
19:07:38.400	Try to connect HTTP server: localhost
19:09:56.850	HTTP is active. Port : 81
19:10:00.747	Try to connect HTTP server: localhost
19:10:09.061	Try to connect HTTP server: localhost
19:10:33.487	Try to connect HTTP server: localhost
